# JRE version: OpenJDK Runtime Environment (21.0.9) (build 21.0.9+-14787801-b1163.94)
# Java VM: OpenJDK 64-Bit Server VM (21.0.9+-14787801-b1163.94, mixed mode, tiered, compressed oops, compressed class ptrs, g1 gc, windows-amd64)
GC Precious Log:
 CardTable entry size: 512
 Card Set container configuration: InlinePtr #cards 5 size 8 Array Of Cards #cards 12 size 40 Howl #buckets 4 coarsen threshold 1843 Howl Bitmap #cards 512 size 80 coarsen threshold 460 Card regions per heap region 1 cards per card region 2048
 CPUs: 12 total, 12 available
 Memory: 7501M
 Large Page Support: Disabled
 NUMA Support: Disabled
 Compressed Oops: Enabled (32-bit)
 Heap Region Size: 1M
 Heap Min Capacity: 8M
 Heap Initial Capacity: 118M
 Heap Max Capacity: 2G
 Pre-touch: Disabled
 Parallel Workers: 10
 Concurrent Workers: 3
 Concurrent Refinement Workers: 10
 Periodic GC: Disabled
Heap:
 garbage-first heap   total 319488K, used 239465K [0x0000000080000000, 0x0000000100000000)
  region size 1024K, 22 young (22528K), 11 survivors (11264K)
 Metaspace       used 174479K, committed 176960K, reserved 1245184K
  class space    used 23410K, committed 24576K, reserved 1048576K
GC Heap History (20 events):
Event: 89.393 GC heap before
{Heap before GC invocations=45 (full 0):
 garbage-first heap   total 250880K, used 157907K [0x0000000080000000, 0x0000000100000000)
  region size 1024K, 25 young (25600K), 13 survivors (13312K)
 Metaspace       used 124400K, committed 126848K, reserved 1179648K
  class space    used 17860K, committed 19008K, reserved 1048576K
}
Event: 89.413 GC heap after
{Heap after GC invocations=46 (full 0):
 garbage-first heap   total 250880K, used 154824K [0x0000000080000000, 0x0000000100000000)
  region size 1024K, 7 young (7168K), 7 survivors (7168K)
 Metaspace       used 124400K, committed 126848K, reserved 1179648K
  class space    used 17860K, committed 19008K, reserved 1048576K
}
Event: 90.488 GC heap before
{Heap before GC invocations=47 (full 0):
 garbage-first heap   total 261120K, used 212168K [0x0000000080000000, 0x0000000100000000)
  region size 1024K, 63 young (64512K), 7 survivors (7168K)
 Metaspace       used 130177K, committed 132480K, reserved 1179648K
  class space    used 18492K, committed 19584K, reserved 1048576K
}
Event: 90.497 GC heap after
{Heap after GC invocations=48 (full 0):
 garbage-first heap   total 261120K, used 161279K [0x0000000080000000, 0x0000000100000000)
  region size 1024K, 5 young (5120K), 5 survivors (5120K)
 Metaspace       used 130177K, committed 132480K, reserved 1179648K
  class space    used 18492K, committed 19584K, reserved 1048576K
}
Event: 91.486 GC heap before
{Heap before GC invocations=48 (full 0):
 garbage-first heap   total 261120K, used 223743K [0x0000000080000000, 0x0000000100000000)
  region size 1024K, 67 young (68608K), 5 survivors (5120K)
 Metaspace       used 137048K, committed 139392K, reserved 1179648K
  class space    used 19186K, committed 20288K, reserved 1048576K
}
Event: 91.496 GC heap after
{Heap after GC invocations=49 (full 0):
 garbage-first heap   total 261120K, used 164251K [0x0000000080000000, 0x0000000100000000)
  region size 1024K, 9 young (9216K), 9 survivors (9216K)
 Metaspace       used 137048K, committed 139392K, reserved 1179648K
  class space    used 19186K, committed 20288K, reserved 1048576K
}
Event: 92.423 GC heap before
{Heap before GC invocations=49 (full 0):
 garbage-first heap   total 261120K, used 227739K [0x0000000080000000, 0x0000000100000000)
  region size 1024K, 71 young (72704K), 9 survivors (9216K)
 Metaspace       used 144508K, committed 146880K, reserved 1179648K
  class space    used 19961K, committed 21056K, reserved 1048576K
}
Event: 92.435 GC heap after
{Heap after GC invocations=50 (full 0):
 garbage-first heap   total 261120K, used 168813K [0x0000000080000000, 0x0000000100000000)
  region size 1024K, 9 young (9216K), 9 survivors (9216K)
 Metaspace       used 144508K, committed 146880K, reserved 1179648K
  class space    used 19961K, committed 21056K, reserved 1048576K
}
Event: 93.765 GC heap before
{Heap before GC invocations=51 (full 0):
 garbage-first heap   total 283648K, used 232301K [0x0000000080000000, 0x0000000100000000)
  region size 1024K, 71 young (72704K), 9 survivors (9216K)
 Metaspace       used 151903K, committed 154368K, reserved 1245184K
  class space    used 20914K, committed 22080K, reserved 1048576K
}
Event: 93.775 GC heap after
{Heap after GC invocations=52 (full 0):
 garbage-first heap   total 283648K, used 173233K [0x0000000080000000, 0x0000000100000000)
  region size 1024K, 9 young (9216K), 9 survivors (9216K)
 Metaspace       used 151903K, committed 154368K, reserved 1245184K
  class space    used 20914K, committed 22080K, reserved 1048576K
}
Event: 94.814 GC heap before
{Heap before GC invocations=52 (full 0):
 garbage-first heap   total 283648K, used 252081K [0x0000000080000000, 0x0000000100000000)
  region size 1024K, 86 young (88064K), 9 survivors (9216K)
 Metaspace       used 159090K, committed 161536K, reserved 1245184K
  class space    used 21610K, committed 22784K, reserved 1048576K
}
Event: 94.832 GC heap after
{Heap after GC invocations=53 (full 0):
 garbage-first heap   total 283648K, used 183763K [0x0000000080000000, 0x0000000100000000)
  region size 1024K, 11 young (11264K), 11 survivors (11264K)
 Metaspace       used 159090K, committed 161536K, reserved 1245184K
  class space    used 21610K, committed 22784K, reserved 1048576K
}
Event: 96.051 GC heap before
{Heap before GC invocations=53 (full 0):
 garbage-first heap   total 283648K, used 253395K [0x0000000080000000, 0x0000000100000000)
  region size 1024K, 79 young (80896K), 11 survivors (11264K)
 Metaspace       used 167130K, committed 169536K, reserved 1245184K
  class space    used 22623K, committed 23744K, reserved 1048576K
}
Event: 96.065 GC heap after
{Heap after GC invocations=54 (full 0):
 garbage-first heap   total 283648K, used 191112K [0x0000000080000000, 0x0000000100000000)
  region size 1024K, 6 young (6144K), 6 survivors (6144K)
 Metaspace       used 167130K, committed 169536K, reserved 1245184K
  class space    used 22623K, committed 23744K, reserved 1048576K
}
Event: 97.436 GC heap before
{Heap before GC invocations=55 (full 0):
 garbage-first heap   total 319488K, used 266888K [0x0000000080000000, 0x0000000100000000)
  region size 1024K, 71 young (72704K), 6 survivors (6144K)
 Metaspace       used 173418K, committed 175872K, reserved 1245184K
  class space    used 23335K, committed 24512K, reserved 1048576K
}
Event: 97.446 GC heap after
{Heap after GC invocations=56 (full 0):
 garbage-first heap   total 319488K, used 193621K [0x0000000080000000, 0x0000000100000000)
  region size 1024K, 3 young (3072K), 3 survivors (3072K)
 Metaspace       used 173418K, committed 175872K, reserved 1245184K
  class space    used 23335K, committed 24512K, reserved 1048576K
}
Event: 98.751 GC heap before
{Heap before GC invocations=56 (full 0):
 garbage-first heap   total 319488K, used 286805K [0x0000000080000000, 0x0000000100000000)
  region size 1024K, 95 young (97280K), 3 survivors (3072K)
 Metaspace       used 174374K, committed 176832K, reserved 1245184K
  class space    used 23410K, committed 24576K, reserved 1048576K
}
Event: 98.769 GC heap after
{Heap after GC invocations=57 (full 0):
 garbage-first heap   total 319488K, used 207470K [0x0000000080000000, 0x0000000100000000)
  region size 1024K, 12 young (12288K), 12 survivors (12288K)
 Metaspace       used 174374K, committed 176832K, reserved 1245184K
  class space    used 23410K, committed 24576K, reserved 1048576K
}
Event: 98.856 GC heap before
{Heap before GC invocations=57 (full 0):
 garbage-first heap   total 319488K, used 260718K [0x0000000080000000, 0x0000000100000000)
  region size 1024K, 65 young (66560K), 12 survivors (12288K)
 Metaspace       used 174396K, committed 176896K, reserved 1245184K
  class space    used 23410K, committed 24576K, reserved 1048576K
}
Event: 98.885 GC heap after
{Heap after GC invocations=58 (full 0):
 garbage-first heap   total 319488K, used 228201K [0x0000000080000000, 0x0000000100000000)
  region size 1024K, 11 young (11264K), 11 survivors (11264K)
 Metaspace       used 174396K, committed 176896K, reserved 1245184K
  class space    used 23410K, committed 24576K, reserved 1048576K
}

